{"D:\\insightly-app\\src\\components\\DailyInsight\\DailyInsight.tsx": {"path":"D:\\insightly-app\\src\\components\\DailyInsight\\DailyInsight.tsx","statementMap":{"0":{"start":{"line":2,"column":0},"end":{"line":2,"column":84}},"1":{"start":{"line":3,"column":0},"end":{"line":3,"column":48}},"2":{"start":{"line":5,"column":32},"end":{"line":26,"column":1}},"3":{"start":{"line":6,"column":54},"end":{"line":6,"column":71}},"4":{"start":{"line":6,"column":24},"end":{"line":6,"column":26}},"5":{"start":{"line":6,"column":35},"end":{"line":6,"column":37}},"6":{"start":{"line":6,"column":49},"end":{"line":6,"column":54}},"7":{"start":{"line":7,"column":2},"end":{"line":25,"column":4}},"8":{"start":{"line":28,"column":0},"end":{"line":28,"column":29}}},"fnMap":{"0":{"name":"(anonymous_1)","decl":{"start":{"line":5,"column":32},"end":{"line":5,"column":null}},"loc":{"start":{"line":5,"column":32},"end":{"line":26,"column":1}}}},"branchMap":{},"s":{"0":1,"1":1,"2":1,"3":2,"4":2,"5":2,"6":2,"7":2,"8":1},"f":{"0":2},"b":{}}
,"D:\\insightly-app\\src\\components\\DailyInsight\\DailyInsights.module.css": {"path":"D:\\insightly-app\\src\\components\\DailyInsight\\DailyInsights.module.css","statementMap":{"0":{"start":{"line":1,"column":0},"end":{"line":1,"column":19}}},"fnMap":{},"branchMap":{},"s":{"0":1},"f":{},"b":{},"_coverageSchema":"1a1c01bbd47fc00a2c39e90264f33305004495a9","hash":"af51ce340a2d5e6cc4f2c875f6025bb2e2b78b3e"}
,"D:\\insightly-app\\src\\components\\MoodAnalysis\\MoodAnalysis.module.css": {"path":"D:\\insightly-app\\src\\components\\MoodAnalysis\\MoodAnalysis.module.css","statementMap":{"0":{"start":{"line":1,"column":0},"end":{"line":1,"column":19}}},"fnMap":{},"branchMap":{},"s":{"0":1},"f":{},"b":{},"_coverageSchema":"1a1c01bbd47fc00a2c39e90264f33305004495a9","hash":"044d2f2949b8638f768addb114fb919ecd6c66d9"}
,"D:\\insightly-app\\src\\components\\MoodAnalysis\\MoodAnalysis.tsx": {"path":"D:\\insightly-app\\src\\components\\MoodAnalysis\\MoodAnalysis.tsx","statementMap":{"0":{"start":{"line":2,"column":0},"end":{"line":2,"column":84}},"1":{"start":{"line":3,"column":0},"end":{"line":3,"column":47}},"2":{"start":{"line":5,"column":31},"end":{"line":14,"column":1}},"3":{"start":{"line":6,"column":29},"end":{"line":6,"column":47}},"4":{"start":{"line":8,"column":2},"end":{"line":13,"column":4}},"5":{"start":{"line":16,"column":0},"end":{"line":16,"column":28}}},"fnMap":{"0":{"name":"(anonymous_1)","decl":{"start":{"line":5,"column":31},"end":{"line":5,"column":null}},"loc":{"start":{"line":5,"column":31},"end":{"line":14,"column":1}}}},"branchMap":{},"s":{"0":1,"1":1,"2":1,"3":2,"4":2,"5":1},"f":{"0":2},"b":{}}
,"D:\\insightly-app\\src\\components\\MoodForm\\MoodForm.module.css": {"path":"D:\\insightly-app\\src\\components\\MoodForm\\MoodForm.module.css","statementMap":{"0":{"start":{"line":1,"column":0},"end":{"line":1,"column":19}}},"fnMap":{},"branchMap":{},"s":{"0":1},"f":{},"b":{},"_coverageSchema":"1a1c01bbd47fc00a2c39e90264f33305004495a9","hash":"1dcc63d3a1a46bf8ca6f70094ab9f6fe0666991c"}
,"D:\\insightly-app\\src\\components\\MoodForm\\MoodForm.tsx": {"path":"D:\\insightly-app\\src\\components\\MoodForm\\MoodForm.tsx","statementMap":{"0":{"start":{"line":1,"column":0},"end":{"line":1,"column":45}},"1":{"start":{"line":2,"column":0},"end":{"line":2,"column":72}},"2":{"start":{"line":3,"column":0},"end":{"line":3,"column":43}},"3":{"start":{"line":5,"column":17},"end":{"line":29,"column":1}},"4":{"start":{"line":6,"column":54},"end":{"line":6,"column":67}},"5":{"start":{"line":6,"column":21},"end":{"line":6,"column":23}},"6":{"start":{"line":6,"column":35},"end":{"line":6,"column":37}},"7":{"start":{"line":6,"column":49},"end":{"line":6,"column":54}},"8":{"start":{"line":7,"column":2},"end":{"line":28,"column":4}},"9":{"start":{"line":11,"column":29},"end":{"line":22,"column":10}},"10":{"start":{"line":31,"column":0},"end":{"line":31,"column":24}}},"fnMap":{"0":{"name":"(anonymous_1)","decl":{"start":{"line":5,"column":17},"end":{"line":5,"column":null}},"loc":{"start":{"line":5,"column":17},"end":{"line":29,"column":1}}},"1":{"name":"(anonymous_2)","decl":{"start":{"line":11,"column":19},"end":{"line":11,"column":20}},"loc":{"start":{"line":11,"column":24},"end":{"line":11,"column":null}}}},"branchMap":{},"s":{"0":1,"1":1,"2":1,"3":1,"4":4,"5":4,"6":4,"7":4,"8":4,"9":12,"10":1},"f":{"0":4,"1":12},"b":{}}
,"D:\\insightly-app\\src\\components\\MoodTrends\\ChartView.enum.ts": {"path":"D:\\insightly-app\\src\\components\\MoodTrends\\ChartView.enum.ts","statementMap":{"0":{"start":{"line":1,"column":0},"end":{"line":1,"column":null}},"1":{"start":{"line":2,"column":2},"end":{"line":2,"column":null}},"2":{"start":{"line":3,"column":2},"end":{"line":3,"column":null}},"3":{"start":{"line":4,"column":2},"end":{"line":4,"column":null}}},"fnMap":{"0":{"name":"(anonymous_0)","decl":{"start":{"line":1,"column":0},"end":{"line":1,"column":12}},"loc":{"start":{"line":1,"column":21},"end":{"line":5,"column":1}}}},"branchMap":{"0":{"loc":{"start":{"line":1,"column":12},"end":{"line":1,"column":null}},"type":"binary-expr","locations":[{"start":{"line":1,"column":12},"end":{"line":1,"column":21}},{"start":{"line":1,"column":21},"end":{"line":1,"column":null}}]}},"s":{"0":3,"1":3,"2":3,"3":3},"f":{"0":3},"b":{"0":[3,3]}}
,"D:\\insightly-app\\src\\components\\MoodTrends\\MoodTrends.module.css": {"path":"D:\\insightly-app\\src\\components\\MoodTrends\\MoodTrends.module.css","statementMap":{"0":{"start":{"line":1,"column":0},"end":{"line":1,"column":19}}},"fnMap":{},"branchMap":{},"s":{"0":1},"f":{},"b":{},"_coverageSchema":"1a1c01bbd47fc00a2c39e90264f33305004495a9","hash":"6cba22a297b8457a3c4c925e62891c94c3a9cec6"}
,"D:\\insightly-app\\src\\components\\MoodTrends\\MoodTrends.tsx": {"path":"D:\\insightly-app\\src\\components\\MoodTrends\\MoodTrends.tsx","statementMap":{"0":{"start":{"line":1,"column":0},"end":{"line":1,"column":null}},"1":{"start":{"line":12,"column":0},"end":{"line":12,"column":39}},"2":{"start":{"line":13,"column":0},"end":{"line":13,"column":75}},"3":{"start":{"line":14,"column":0},"end":{"line":14,"column":45}},"4":{"start":{"line":16,"column":0},"end":{"line":24,"column":2}},"5":{"start":{"line":26,"column":29},"end":{"line":52,"column":1}},"6":{"start":{"line":33,"column":6},"end":{"line":33,"column":20}},"7":{"start":{"line":28,"column":20},"end":{"line":28,"column":null}},"8":{"start":{"line":29,"column":23},"end":{"line":29,"column":null}},"9":{"start":{"line":30,"column":14},"end":{"line":30,"column":null}},"10":{"start":{"line":31,"column":16},"end":{"line":31,"column":null}},"11":{"start":{"line":32,"column":16},"end":{"line":32,"column":null}},"12":{"start":{"line":34,"column":2},"end":{"line":51,"column":4}},"13":{"start":{"line":38,"column":32},"end":{"line":38,"column":34}},"14":{"start":{"line":38,"column":39},"end":{"line":38,"column":41}},"15":{"start":{"line":38,"column":46},"end":{"line":47,"column":10}},"16":{"start":{"line":42,"column":27},"end":{"line":42,"column":null}},"17":{"start":{"line":54,"column":0},"end":{"line":54,"column":26}}},"fnMap":{"0":{"name":"(anonymous_1)","decl":{"start":{"line":26,"column":29},"end":{"line":26,"column":null}},"loc":{"start":{"line":26,"column":29},"end":{"line":52,"column":1}}},"1":{"name":"(anonymous_2)","decl":{"start":{"line":38,"column":24},"end":{"line":38,"column":25}},"loc":{"start":{"line":38,"column":41},"end":{"line":38,"column":null}}},"2":{"name":"(anonymous_3)","decl":{"start":{"line":42,"column":21},"end":{"line":42,"column":27}},"loc":{"start":{"line":42,"column":21},"end":{"line":42,"column":46}}}},"branchMap":{},"s":{"0":1,"1":1,"2":1,"3":1,"4":1,"5":1,"6":3,"7":3,"8":3,"9":3,"10":3,"11":3,"12":3,"13":9,"14":9,"15":9,"16":1,"17":1},"f":{"0":3,"1":9,"2":1},"b":{}}
,"D:\\insightly-app\\src\\constants\\eventNames.ts": {"path":"D:\\insightly-app\\src\\constants\\eventNames.ts","statementMap":{"0":{"start":{"line":1,"column":13},"end":{"line":3,"column":11}}},"fnMap":{},"branchMap":{},"s":{"0":1},"f":{},"b":{}}
,"D:\\insightly-app\\src\\constants\\keyboardKeys.ts": {"path":"D:\\insightly-app\\src\\constants\\keyboardKeys.ts","statementMap":{"0":{"start":{"line":1,"column":13},"end":{"line":3,"column":2}}},"fnMap":{},"branchMap":{},"s":{"0":1},"f":{},"b":{}}
,"D:\\insightly-app\\src\\constants\\mockMonthlyData.ts": {"path":"D:\\insightly-app\\src\\constants\\mockMonthlyData.ts","statementMap":{"0":{"start":{"line":1,"column":13},"end":{"line":6,"column":2}}},"fnMap":{},"branchMap":{},"s":{"0":3},"f":{},"b":{}}
,"D:\\insightly-app\\src\\constants\\mockWeeklyData.ts": {"path":"D:\\insightly-app\\src\\constants\\mockWeeklyData.ts","statementMap":{"0":{"start":{"line":1,"column":13},"end":{"line":6,"column":2}}},"fnMap":{},"branchMap":{},"s":{"0":3},"f":{},"b":{}}
,"D:\\insightly-app\\src\\constants\\mood.ts": {"path":"D:\\insightly-app\\src\\constants\\mood.ts","statementMap":{"0":{"start":{"line":1,"column":13},"end":{"line":5,"column":2}}},"fnMap":{},"branchMap":{},"s":{"0":1},"f":{},"b":{}}
,"D:\\insightly-app\\src\\constants\\portalIds.ts": {"path":"D:\\insightly-app\\src\\constants\\portalIds.ts","statementMap":{"0":{"start":{"line":1,"column":13},"end":{"line":3,"column":2}}},"fnMap":{},"branchMap":{},"s":{"0":1},"f":{},"b":{}}
,"D:\\insightly-app\\src\\contexts\\ModalContext\\ModalContext.tsx": {"path":"D:\\insightly-app\\src\\contexts\\ModalContext\\ModalContext.tsx","statementMap":{"0":{"start":{"line":1,"column":0},"end":{"line":1,"column":38}},"1":{"start":{"line":4,"column":13},"end":{"line":6,"column":2}}},"fnMap":{},"branchMap":{},"s":{"0":1,"1":1},"f":{},"b":{}}
,"D:\\insightly-app\\src\\contexts\\MoodContext\\MoodContext.tsx": {"path":"D:\\insightly-app\\src\\contexts\\MoodContext\\MoodContext.tsx","statementMap":{"0":{"start":{"line":1,"column":0},"end":{"line":1,"column":38}},"1":{"start":{"line":4,"column":13},"end":{"line":6,"column":2}}},"fnMap":{},"branchMap":{},"s":{"0":10,"1":10},"f":{},"b":{}}
,"D:\\insightly-app\\src\\shared\\ErrorBoundary\\ErrorBoundary.tsx": {"path":"D:\\insightly-app\\src\\shared\\ErrorBoundary\\ErrorBoundary.tsx","statementMap":{"0":{"start":{"line":1,"column":0},"end":{"line":1,"column":56}},"1":{"start":{"line":11,"column":0},"end":{"line":11,"column":77}},"2":{"start":{"line":11,"column":28},"end":{"line":11,"column":37}},"3":{"start":{"line":13,"column":4},"end":{"line":13,"column":17}},"4":{"start":{"line":14,"column":4},"end":{"line":14,"column":37}},"5":{"start":{"line":17,"column":9},"end":{"line":19,"column":null}},"6":{"start":{"line":18,"column":4},"end":{"line":18,"column":30}},"7":{"start":{"line":21,"column":2},"end":{"line":23,"column":null}},"8":{"start":{"line":22,"column":4},"end":{"line":22,"column":69}},"9":{"start":{"line":25,"column":2},"end":{"line":31,"column":null}},"10":{"start":{"line":26,"column":4},"end":{"line":28,"column":5}},"11":{"start":{"line":27,"column":6},"end":{"line":27,"column":44}},"12":{"start":{"line":30,"column":4},"end":{"line":30,"column":31}},"13":{"start":{"line":32,"column":0},"end":{"line":32,"column":null}},"14":{"start":{"line":34,"column":0},"end":{"line":34,"column":29}}},"fnMap":{"0":{"name":"(anonymous_6)","decl":{"start":{"line":11,"column":0},"end":{"line":11,"column":28}},"loc":{"start":{"line":11,"column":0},"end":{"line":32,"column":null}}},"1":{"name":"ErrorBoundary","decl":{"start":{"line":12,"column":2},"end":{"line":12,"column":14}},"loc":{"start":{"line":12,"column":39},"end":{"line":15,"column":3}}},"2":{"name":"(anonymous_8)","decl":{"start":{"line":17,"column":2},"end":{"line":17,"column":9}},"loc":{"start":{"line":17,"column":42},"end":{"line":19,"column":3}}},"3":{"name":"(anonymous_9)","decl":{"start":{"line":21,"column":2},"end":{"line":21,"column":19}},"loc":{"start":{"line":21,"column":54},"end":{"line":23,"column":3}}},"4":{"name":"(anonymous_10)","decl":{"start":{"line":25,"column":2},"end":{"line":25,"column":8}},"loc":{"start":{"line":25,"column":2},"end":{"line":31,"column":3}}}},"branchMap":{"0":{"loc":{"start":{"line":13,"column":4},"end":{"line":13,"column":17}},"type":"binary-expr","locations":[{"start":{"line":13,"column":4},"end":{"line":13,"column":16}},{"start":{"line":13,"column":16},"end":{"line":13,"column":17}}]},"1":{"loc":{"start":{"line":26,"column":4},"end":{"line":28,"column":5}},"type":"if","locations":[{"start":{"line":26,"column":4},"end":{"line":28,"column":5}}]}},"s":{"0":1,"1":1,"2":1,"3":6,"4":5,"5":1,"6":4,"7":1,"8":2,"9":1,"10":9,"11":4,"12":5,"13":1,"14":1},"f":{"0":1,"1":6,"2":4,"3":2,"4":9},"b":{"0":[6,5],"1":[4]}}
,"D:\\insightly-app\\src\\shared\\LoaderSpinner\\LoaderSpinner.enum.ts": {"path":"D:\\insightly-app\\src\\shared\\LoaderSpinner\\LoaderSpinner.enum.ts","statementMap":{"0":{"start":{"line":1,"column":0},"end":{"line":1,"column":null}},"1":{"start":{"line":2,"column":2},"end":{"line":2,"column":null}},"2":{"start":{"line":3,"column":2},"end":{"line":3,"column":null}}},"fnMap":{"0":{"name":"(anonymous_0)","decl":{"start":{"line":1,"column":0},"end":{"line":1,"column":12}},"loc":{"start":{"line":1,"column":32},"end":{"line":4,"column":1}}}},"branchMap":{"0":{"loc":{"start":{"line":1,"column":12},"end":{"line":1,"column":null}},"type":"binary-expr","locations":[{"start":{"line":1,"column":12},"end":{"line":1,"column":32}},{"start":{"line":1,"column":32},"end":{"line":1,"column":null}}]}},"s":{"0":1,"1":1,"2":1},"f":{"0":1},"b":{"0":[1,1]}}
,"D:\\insightly-app\\src\\shared\\LoaderSpinner\\LoaderSpinner.module.css": {"path":"D:\\insightly-app\\src\\shared\\LoaderSpinner\\LoaderSpinner.module.css","statementMap":{"0":{"start":{"line":1,"column":0},"end":{"line":1,"column":19}}},"fnMap":{},"branchMap":{},"s":{"0":1},"f":{},"b":{},"_coverageSchema":"1a1c01bbd47fc00a2c39e90264f33305004495a9","hash":"bc7caa8efb251e901423db04f8678bd70ab60c30"}
,"D:\\insightly-app\\src\\shared\\LoaderSpinner\\LoaderSpinner.tsx": {"path":"D:\\insightly-app\\src\\shared\\LoaderSpinner\\LoaderSpinner.tsx","statementMap":{"0":{"start":{"line":2,"column":0},"end":{"line":2,"column":60}},"1":{"start":{"line":3,"column":0},"end":{"line":3,"column":48}},"2":{"start":{"line":5,"column":32},"end":{"line":17,"column":1}},"3":{"start":{"line":6,"column":2},"end":{"line":16,"column":4}},"4":{"start":{"line":19,"column":0},"end":{"line":19,"column":29}}},"fnMap":{"0":{"name":"(anonymous_1)","decl":{"start":{"line":5,"column":32},"end":{"line":5,"column":null}},"loc":{"start":{"line":5,"column":32},"end":{"line":17,"column":1}}}},"branchMap":{},"s":{"0":1,"1":1,"2":1,"3":1,"4":1},"f":{"0":1},"b":{}}
,"D:\\insightly-app\\src\\shared\\Modal\\Modal.module.css": {"path":"D:\\insightly-app\\src\\shared\\Modal\\Modal.module.css","statementMap":{"0":{"start":{"line":1,"column":0},"end":{"line":1,"column":19}}},"fnMap":{},"branchMap":{},"s":{"0":1},"f":{},"b":{},"_coverageSchema":"1a1c01bbd47fc00a2c39e90264f33305004495a9","hash":"5b95054afe7da3a1c31a5bd9d71271769463fab0"}
,"D:\\insightly-app\\src\\shared\\Modal\\Modal.tsx": {"path":"D:\\insightly-app\\src\\shared\\Modal\\Modal.tsx","statementMap":{"0":{"start":{"line":1,"column":0},"end":{"line":1,"column":54}},"1":{"start":{"line":2,"column":0},"end":{"line":2,"column":33}},"2":{"start":{"line":3,"column":0},"end":{"line":3,"column":57}},"3":{"start":{"line":4,"column":0},"end":{"line":4,"column":61}},"4":{"start":{"line":5,"column":0},"end":{"line":5,"column":40}},"5":{"start":{"line":7,"column":0},"end":{"line":7,"column":55}},"6":{"start":{"line":9,"column":36},"end":{"line":44,"column":1}},"7":{"start":{"line":9,"column":45},"end":{"line":9,"column":47}},"8":{"start":{"line":9,"column":54},"end":{"line":9,"column":56}},"9":{"start":{"line":9,"column":64},"end":{"line":9,"column":66}},"10":{"start":{"line":10,"column":20},"end":{"line":10,"column":61}},"11":{"start":{"line":12,"column":24},"end":{"line":18,"column":null}},"12":{"start":{"line":14,"column":6},"end":{"line":16,"column":7}},"13":{"start":{"line":15,"column":8},"end":{"line":15,"column":18}},"14":{"start":{"line":21,"column":2},"end":{"line":27,"column":30}},"15":{"start":{"line":22,"column":4},"end":{"line":26,"column":5}},"16":{"start":{"line":23,"column":6},"end":{"line":23,"column":68}},"17":{"start":{"line":24,"column":6},"end":{"line":25,"column":73}},"18":{"start":{"line":25,"column":8},"end":{"line":25,"column":73}},"19":{"start":{"line":29,"column":2},"end":{"line":29,"column":41}},"20":{"start":{"line":29,"column":29},"end":{"line":29,"column":41}},"21":{"start":{"line":31,"column":2},"end":{"line":43,"column":4}},"22":{"start":{"line":38,"column":52},"end":{"line":38,"column":null}},"23":{"start":{"line":46,"column":0},"end":{"line":46,"column":21}}},"fnMap":{"0":{"name":"(anonymous_1)","decl":{"start":{"line":9,"column":36},"end":{"line":9,"column":37}},"loc":{"start":{"line":9,"column":66},"end":{"line":44,"column":1}}},"1":{"name":"(anonymous_2)","decl":{"start":{"line":13,"column":4},"end":{"line":13,"column":5}},"loc":{"start":{"line":13,"column":21},"end":{"line":17,"column":5}}},"2":{"name":"(anonymous_3)","decl":{"start":{"line":21,"column":12},"end":{"line":21,"column":null}},"loc":{"start":{"line":21,"column":12},"end":{"line":27,"column":3}}},"3":{"name":"(anonymous_4)","decl":{"start":{"line":24,"column":13},"end":{"line":24,"column":null}},"loc":{"start":{"line":24,"column":13},"end":{"line":25,"column":16}}},"4":{"name":"(anonymous_5)","decl":{"start":{"line":38,"column":45},"end":{"line":38,"column":46}},"loc":{"start":{"line":38,"column":47},"end":{"line":38,"column":53}}}},"branchMap":{"0":{"loc":{"start":{"line":14,"column":6},"end":{"line":16,"column":7}},"type":"if","locations":[{"start":{"line":14,"column":6},"end":{"line":16,"column":7}}]},"1":{"loc":{"start":{"line":22,"column":4},"end":{"line":26,"column":5}},"type":"if","locations":[{"start":{"line":22,"column":4},"end":{"line":26,"column":5}}]},"2":{"loc":{"start":{"line":29,"column":2},"end":{"line":29,"column":41}},"type":"if","locations":[{"start":{"line":29,"column":2},"end":{"line":29,"column":41}}]},"3":{"loc":{"start":{"line":29,"column":6},"end":{"line":29,"column":27}},"type":"binary-expr","locations":[{"start":{"line":29,"column":6},"end":{"line":29,"column":13}},{"start":{"line":29,"column":17},"end":{"line":29,"column":27}}]}},"s":{"0":1,"1":1,"2":1,"3":1,"4":1,"5":1,"6":1,"7":5,"8":5,"9":5,"10":5,"11":5,"12":1,"13":1,"14":5,"15":5,"16":4,"17":4,"18":4,"19":5,"20":1,"21":4,"22":1,"23":1},"f":{"0":5,"1":1,"2":5,"3":4,"4":1},"b":{"0":[1],"1":[4],"2":[1],"3":[5,4]}}
,"D:\\insightly-app\\src\\utils\\helpers\\getAverageMood\\getAverageMood.ts": {"path":"D:\\insightly-app\\src\\utils\\helpers\\getAverageMood\\getAverageMood.ts","statementMap":{"0":{"start":{"line":3,"column":30},"end":{"line":5,"column":1}},"1":{"start":{"line":4,"column":2},"end":{"line":4,"column":37}},"2":{"start":{"line":3,"column":13},"end":{"line":3,"column":30}}},"fnMap":{"0":{"name":"(anonymous_0)","decl":{"start":{"line":3,"column":30},"end":{"line":3,"column":31}},"loc":{"start":{"line":3,"column":66},"end":{"line":5,"column":1}}}},"branchMap":{},"s":{"0":3,"1":3,"2":3},"f":{"0":3},"b":{}}
,"D:\\insightly-app\\src\\utils\\helpers\\getCurrentDate\\getCurrentDate.ts": {"path":"D:\\insightly-app\\src\\utils\\helpers\\getCurrentDate\\getCurrentDate.ts","statementMap":{"0":{"start":{"line":1,"column":30},"end":{"line":9,"column":1}},"1":{"start":{"line":2,"column":16},"end":{"line":2,"column":26}},"2":{"start":{"line":4,"column":15},"end":{"line":4,"column":34}},"3":{"start":{"line":5,"column":16},"end":{"line":5,"column":61}},"4":{"start":{"line":6,"column":14},"end":{"line":6,"column":54}},"5":{"start":{"line":8,"column":2},"end":{"line":8,"column":35}},"6":{"start":{"line":1,"column":13},"end":{"line":1,"column":30}}},"fnMap":{"0":{"name":"(anonymous_0)","decl":{"start":{"line":1,"column":30},"end":{"line":1,"column":null}},"loc":{"start":{"line":1,"column":30},"end":{"line":9,"column":1}}}},"branchMap":{},"s":{"0":3,"1":3,"2":3,"3":3,"4":3,"5":3,"6":3},"f":{"0":3},"b":{}}
,"D:\\insightly-app\\src\\utils\\helpers\\getRandomInteger\\getRandomInteger.ts": {"path":"D:\\insightly-app\\src\\utils\\helpers\\getRandomInteger\\getRandomInteger.ts","statementMap":{"0":{"start":{"line":1,"column":32},"end":{"line":3,"column":1}},"1":{"start":{"line":1,"column":33},"end":{"line":1,"column":50}},"2":{"start":{"line":1,"column":50},"end":{"line":1,"column":null}},"3":{"start":{"line":2,"column":2},"end":{"line":2,"column":59}},"4":{"start":{"line":1,"column":13},"end":{"line":1,"column":32}}},"fnMap":{"0":{"name":"(anonymous_0)","decl":{"start":{"line":1,"column":32},"end":{"line":1,"column":33}},"loc":{"start":{"line":1,"column":66},"end":{"line":3,"column":1}}}},"branchMap":{"0":{"loc":{"start":{"line":1,"column":33},"end":{"line":1,"column":50}},"type":"if","locations":[{"start":{"line":1,"column":33},"end":{"line":1,"column":50}}]},"1":{"loc":{"start":{"line":1,"column":50},"end":{"line":1,"column":null}},"type":"if","locations":[{"start":{"line":1,"column":50},"end":{"line":1,"column":null}}]}},"s":{"0":3,"1":5,"2":5,"3":4,"4":3},"f":{"0":4},"b":{"0":[1],"1":[1]}}
,"D:\\insightly-app\\src\\utils\\helpers\\getTotalMood\\getTotalMood.ts": {"path":"D:\\insightly-app\\src\\utils\\helpers\\getTotalMood\\getTotalMood.ts","statementMap":{"0":{"start":{"line":3,"column":28},"end":{"line":5,"column":1}},"1":{"start":{"line":4,"column":2},"end":{"line":4,"column":66}},"2":{"start":{"line":4,"column":43},"end":{"line":4,"column":63}},"3":{"start":{"line":3,"column":13},"end":{"line":3,"column":28}}},"fnMap":{"0":{"name":"(anonymous_0)","decl":{"start":{"line":3,"column":28},"end":{"line":3,"column":29}},"loc":{"start":{"line":3,"column":45},"end":{"line":5,"column":1}}},"1":{"name":"(anonymous_1)","decl":{"start":{"line":4,"column":25},"end":{"line":4,"column":26}},"loc":{"start":{"line":4,"column":38},"end":{"line":4,"column":48}}}},"branchMap":{},"s":{"0":3,"1":4,"2":7,"3":3},"f":{"0":4,"1":7},"b":{}}
,"D:\\insightly-app\\src\\utils\\hooks\\useChartData\\useMoodChart.ts": {"path":"D:\\insightly-app\\src\\utils\\hooks\\useChartData\\useMoodChart.ts","statementMap":{"0":{"start":{"line":1,"column":0},"end":{"line":1,"column":33}},"1":{"start":{"line":2,"column":0},"end":{"line":2,"column":74}},"2":{"start":{"line":3,"column":0},"end":{"line":3,"column":71}},"3":{"start":{"line":4,"column":0},"end":{"line":4,"column":69}},"4":{"start":{"line":5,"column":0},"end":{"line":5,"column":45}},"5":{"start":{"line":7,"column":28},"end":{"line":76,"column":1}},"6":{"start":{"line":8,"column":50},"end":{"line":9,"column":null}},"7":{"start":{"line":8,"column":25},"end":{"line":8,"column":27}},"8":{"start":{"line":8,"column":46},"end":{"line":8,"column":50}},"9":{"start":{"line":11,"column":23},"end":{"line":11,"column":33}},"10":{"start":{"line":12,"column":21},"end":{"line":16,"column":4}},"11":{"start":{"line":17,"column":23},"end":{"line":30,"column":4}},"12":{"start":{"line":32,"column":23},"end":{"line":67,"column":3}},"13":{"start":{"line":33,"column":27},"end":{"line":33,"column":29}},"14":{"start":{"line":34,"column":25},"end":{"line":34,"column":27}},"15":{"start":{"line":36,"column":4},"end":{"line":52,"column":5}},"16":{"start":{"line":38,"column":8},"end":{"line":38,"column":53}},"17":{"start":{"line":38,"column":41},"end":{"line":38,"column":52}},"18":{"start":{"line":39,"column":8},"end":{"line":39,"column":51}},"19":{"start":{"line":39,"column":39},"end":{"line":39,"column":50}},"20":{"start":{"line":40,"column":8},"end":{"line":40,"column":14}},"21":{"start":{"line":42,"column":8},"end":{"line":42,"column":61}},"22":{"start":{"line":42,"column":49},"end":{"line":42,"column":60}},"23":{"start":{"line":43,"column":8},"end":{"line":43,"column":59}},"24":{"start":{"line":43,"column":47},"end":{"line":43,"column":58}},"25":{"start":{"line":44,"column":8},"end":{"line":44,"column":14}},"26":{"start":{"line":46,"column":8},"end":{"line":46,"column":63}},"27":{"start":{"line":46,"column":50},"end":{"line":46,"column":62}},"28":{"start":{"line":47,"column":8},"end":{"line":47,"column":60}},"29":{"start":{"line":47,"column":48},"end":{"line":47,"column":59}},"30":{"start":{"line":48,"column":8},"end":{"line":48,"column":14}},"31":{"start":{"line":50,"column":8},"end":{"line":50,"column":52}},"32":{"start":{"line":51,"column":8},"end":{"line":51,"column":14}},"33":{"start":{"line":54,"column":4},"end":{"line":66,"column":6}},"34":{"start":{"line":69,"column":2},"end":{"line":75,"column":4}},"35":{"start":{"line":7,"column":13},"end":{"line":7,"column":28}}},"fnMap":{"0":{"name":"(anonymous_0)","decl":{"start":{"line":7,"column":28},"end":{"line":7,"column":null}},"loc":{"start":{"line":7,"column":28},"end":{"line":76,"column":1}}},"1":{"name":"(anonymous_1)","decl":{"start":{"line":32,"column":23},"end":{"line":32,"column":null}},"loc":{"start":{"line":32,"column":23},"end":{"line":67,"column":3}}},"2":{"name":"(anonymous_2)","decl":{"start":{"line":38,"column":30},"end":{"line":38,"column":31}},"loc":{"start":{"line":38,"column":36},"end":{"line":38,"column":46}}},"3":{"name":"(anonymous_3)","decl":{"start":{"line":39,"column":28},"end":{"line":39,"column":29}},"loc":{"start":{"line":39,"column":34},"end":{"line":39,"column":44}}},"4":{"name":"(anonymous_4)","decl":{"start":{"line":42,"column":38},"end":{"line":42,"column":39}},"loc":{"start":{"line":42,"column":44},"end":{"line":42,"column":54}}},"5":{"name":"(anonymous_5)","decl":{"start":{"line":43,"column":36},"end":{"line":43,"column":37}},"loc":{"start":{"line":43,"column":42},"end":{"line":43,"column":52}}},"6":{"name":"(anonymous_6)","decl":{"start":{"line":46,"column":39},"end":{"line":46,"column":40}},"loc":{"start":{"line":46,"column":45},"end":{"line":46,"column":55}}},"7":{"name":"(anonymous_7)","decl":{"start":{"line":47,"column":37},"end":{"line":47,"column":38}},"loc":{"start":{"line":47,"column":43},"end":{"line":47,"column":53}}}},"branchMap":{"0":{"loc":{"start":{"line":36,"column":4},"end":{"line":52,"column":5}},"type":"switch","locations":[{"start":{"line":37,"column":6},"end":{"line":40,"column":14}},{"start":{"line":41,"column":6},"end":{"line":44,"column":14}},{"start":{"line":45,"column":6},"end":{"line":48,"column":14}},{"start":{"line":49,"column":6},"end":{"line":51,"column":14}}]}},"s":{"0":1,"1":1,"2":1,"3":1,"4":1,"5":1,"6":7,"7":7,"8":7,"9":7,"10":7,"11":7,"12":7,"13":3,"14":3,"15":3,"16":1,"17":3,"18":1,"19":3,"20":1,"21":1,"22":4,"23":1,"24":4,"25":1,"26":1,"27":4,"28":1,"29":4,"30":1,"31":0,"32":0,"33":3,"34":7,"35":1},"f":{"0":7,"1":3,"2":3,"3":3,"4":4,"5":4,"6":4,"7":4},"b":{"0":[1,1,1,0]}}
,"D:\\insightly-app\\src\\utils\\hooks\\useDailyInsight\\useDailyInsight.ts": {"path":"D:\\insightly-app\\src\\utils\\hooks\\useDailyInsight\\useDailyInsight.ts","statementMap":{"0":{"start":{"line":1,"column":0},"end":{"line":1,"column":44}},"1":{"start":{"line":2,"column":0},"end":{"line":2,"column":77}},"2":{"start":{"line":3,"column":0},"end":{"line":3,"column":83}},"3":{"start":{"line":4,"column":0},"end":{"line":4,"column":71}},"4":{"start":{"line":5,"column":0},"end":{"line":5,"column":45}},"5":{"start":{"line":7,"column":31},"end":{"line":30,"column":1}},"6":{"start":{"line":8,"column":46},"end":{"line":8,"column":65}},"7":{"start":{"line":8,"column":23},"end":{"line":8,"column":25}},"8":{"start":{"line":8,"column":42},"end":{"line":8,"column":46}},"9":{"start":{"line":9,"column":36},"end":{"line":9,"column":55}},"10":{"start":{"line":9,"column":18},"end":{"line":9,"column":20}},"11":{"start":{"line":9,"column":32},"end":{"line":9,"column":36}},"12":{"start":{"line":10,"column":23},"end":{"line":10,"column":33}},"13":{"start":{"line":12,"column":23},"end":{"line":16,"column":3}},"14":{"start":{"line":13,"column":4},"end":{"line":13,"column":34}},"15":{"start":{"line":13,"column":22},"end":{"line":13,"column":34}},"16":{"start":{"line":14,"column":4},"end":{"line":14,"column":34}},"17":{"start":{"line":14,"column":22},"end":{"line":14,"column":34}},"18":{"start":{"line":15,"column":4},"end":{"line":15,"column":16}},"19":{"start":{"line":18,"column":2},"end":{"line":21,"column":9}},"20":{"start":{"line":19,"column":24},"end":{"line":19,"column":42}},"21":{"start":{"line":20,"column":4},"end":{"line":20,"column":35}},"22":{"start":{"line":23,"column":2},"end":{"line":27,"column":17}},"23":{"start":{"line":24,"column":22},"end":{"line":24,"column":44}},"24":{"start":{"line":25,"column":24},"end":{"line":25,"column":59}},"25":{"start":{"line":26,"column":4},"end":{"line":26,"column":30}},"26":{"start":{"line":29,"column":2},"end":{"line":29,"column":53}},"27":{"start":{"line":7,"column":13},"end":{"line":7,"column":31}}},"fnMap":{"0":{"name":"(anonymous_0)","decl":{"start":{"line":7,"column":31},"end":{"line":7,"column":null}},"loc":{"start":{"line":7,"column":31},"end":{"line":30,"column":1}}},"1":{"name":"(anonymous_1)","decl":{"start":{"line":12,"column":23},"end":{"line":12,"column":24}},"loc":{"start":{"line":12,"column":37},"end":{"line":16,"column":3}}},"2":{"name":"(anonymous_2)","decl":{"start":{"line":18,"column":12},"end":{"line":18,"column":null}},"loc":{"start":{"line":18,"column":12},"end":{"line":21,"column":3}}},"3":{"name":"(anonymous_3)","decl":{"start":{"line":23,"column":12},"end":{"line":23,"column":null}},"loc":{"start":{"line":23,"column":12},"end":{"line":27,"column":3}}}},"branchMap":{"0":{"loc":{"start":{"line":13,"column":4},"end":{"line":13,"column":34}},"type":"if","locations":[{"start":{"line":13,"column":4},"end":{"line":13,"column":34}}]},"1":{"loc":{"start":{"line":14,"column":4},"end":{"line":14,"column":34}},"type":"if","locations":[{"start":{"line":14,"column":4},"end":{"line":14,"column":34}}]}},"s":{"0":2,"1":2,"2":2,"3":2,"4":2,"5":2,"6":8,"7":8,"8":8,"9":8,"10":8,"11":8,"12":8,"13":8,"14":3,"15":1,"16":2,"17":1,"18":1,"19":8,"20":4,"21":4,"22":8,"23":4,"24":4,"25":4,"26":8,"27":2},"f":{"0":8,"1":3,"2":4,"3":4},"b":{"0":[1],"1":[1]}}
,"D:\\insightly-app\\src\\utils\\hooks\\useModal\\useModal.ts": {"path":"D:\\insightly-app\\src\\utils\\hooks\\useModal\\useModal.ts","statementMap":{"0":{"start":{"line":1,"column":0},"end":{"line":1,"column":35}},"1":{"start":{"line":2,"column":0},"end":{"line":2,"column":75}},"2":{"start":{"line":5,"column":24},"end":{"line":11,"column":1}},"3":{"start":{"line":6,"column":18},"end":{"line":6,"column":73}},"4":{"start":{"line":7,"column":2},"end":{"line":9,"column":3}},"5":{"start":{"line":8,"column":4},"end":{"line":8,"column":68}},"6":{"start":{"line":10,"column":2},"end":{"line":10,"column":17}},"7":{"start":{"line":5,"column":13},"end":{"line":5,"column":24}}},"fnMap":{"0":{"name":"(anonymous_0)","decl":{"start":{"line":5,"column":24},"end":{"line":5,"column":null}},"loc":{"start":{"line":5,"column":24},"end":{"line":11,"column":1}}}},"branchMap":{"0":{"loc":{"start":{"line":7,"column":2},"end":{"line":9,"column":3}},"type":"if","locations":[{"start":{"line":7,"column":2},"end":{"line":9,"column":3}}]}},"s":{"0":1,"1":1,"2":1,"3":3,"4":3,"5":2,"6":1,"7":1},"f":{"0":3},"b":{"0":[2]}}
,"D:\\insightly-app\\src\\utils\\hooks\\useMood\\useMood.ts": {"path":"D:\\insightly-app\\src\\utils\\hooks\\useMood\\useMood.ts","statementMap":{"0":{"start":{"line":1,"column":0},"end":{"line":1,"column":35}},"1":{"start":{"line":2,"column":0},"end":{"line":2,"column":72}},"2":{"start":{"line":5,"column":23},"end":{"line":11,"column":1}},"3":{"start":{"line":6,"column":18},"end":{"line":6,"column":71}},"4":{"start":{"line":7,"column":2},"end":{"line":9,"column":3}},"5":{"start":{"line":8,"column":4},"end":{"line":8,"column":66}},"6":{"start":{"line":10,"column":2},"end":{"line":10,"column":17}},"7":{"start":{"line":5,"column":13},"end":{"line":5,"column":23}}},"fnMap":{"0":{"name":"(anonymous_0)","decl":{"start":{"line":5,"column":23},"end":{"line":5,"column":null}},"loc":{"start":{"line":5,"column":23},"end":{"line":11,"column":1}}}},"branchMap":{"0":{"loc":{"start":{"line":7,"column":2},"end":{"line":9,"column":3}},"type":"if","locations":[{"start":{"line":7,"column":2},"end":{"line":9,"column":3}}]}},"s":{"0":10,"1":10,"2":10,"3":3,"4":3,"5":2,"6":1,"7":10},"f":{"0":3},"b":{"0":[2]}}
,"D:\\insightly-app\\src\\utils\\hooks\\useMoodAnalysis\\insightMessages.enum.ts": {"path":"D:\\insightly-app\\src\\utils\\hooks\\useMoodAnalysis\\insightMessages.enum.ts","statementMap":{"0":{"start":{"line":1,"column":0},"end":{"line":1,"column":null}},"1":{"start":{"line":2,"column":2},"end":{"line":2,"column":null}},"2":{"start":{"line":3,"column":2},"end":{"line":3,"column":null}},"3":{"start":{"line":4,"column":2},"end":{"line":4,"column":null}}},"fnMap":{"0":{"name":"(anonymous_0)","decl":{"start":{"line":1,"column":0},"end":{"line":1,"column":12}},"loc":{"start":{"line":1,"column":27},"end":{"line":5,"column":1}}}},"branchMap":{"0":{"loc":{"start":{"line":1,"column":12},"end":{"line":1,"column":null}},"type":"binary-expr","locations":[{"start":{"line":1,"column":12},"end":{"line":1,"column":27}},{"start":{"line":1,"column":27},"end":{"line":1,"column":null}}]}},"s":{"0":2,"1":2,"2":2,"3":2},"f":{"0":2},"b":{"0":[2,2]}}
,"D:\\insightly-app\\src\\utils\\hooks\\useMoodAnalysis\\useMoodAnalysis.ts": {"path":"D:\\insightly-app\\src\\utils\\hooks\\useMoodAnalysis\\useMoodAnalysis.ts","statementMap":{"0":{"start":{"line":1,"column":0},"end":{"line":1,"column":44}},"1":{"start":{"line":2,"column":0},"end":{"line":2,"column":45}},"2":{"start":{"line":3,"column":0},"end":{"line":3,"column":57}},"3":{"start":{"line":5,"column":31},"end":{"line":31,"column":1}},"4":{"start":{"line":6,"column":46},"end":{"line":7,"column":null}},"5":{"start":{"line":6,"column":23},"end":{"line":6,"column":25}},"6":{"start":{"line":6,"column":42},"end":{"line":6,"column":46}},"7":{"start":{"line":9,"column":23},"end":{"line":9,"column":33}},"8":{"start":{"line":10,"column":2},"end":{"line":28,"column":17}},"9":{"start":{"line":11,"column":23},"end":{"line":11,"column":58}},"10":{"start":{"line":11,"column":47},"end":{"line":11,"column":58}},"11":{"start":{"line":12,"column":23},"end":{"line":13,"column":16}},"12":{"start":{"line":13,"column":6},"end":{"line":16,"column":8}},"13":{"start":{"line":15,"column":10},"end":{"line":15,"column":null}},"14":{"start":{"line":18,"column":25},"end":{"line":18,"column":74}},"15":{"start":{"line":18,"column":67},"end":{"line":18,"column":74}},"16":{"start":{"line":19,"column":25},"end":{"line":19,"column":74}},"17":{"start":{"line":19,"column":67},"end":{"line":19,"column":74}},"18":{"start":{"line":21,"column":4},"end":{"line":27,"column":5}},"19":{"start":{"line":22,"column":6},"end":{"line":22,"column":51}},"20":{"start":{"line":23,"column":11},"end":{"line":27,"column":5}},"21":{"start":{"line":24,"column":6},"end":{"line":24,"column":51}},"22":{"start":{"line":26,"column":6},"end":{"line":26,"column":49}},"23":{"start":{"line":30,"column":2},"end":{"line":30,"column":28}},"24":{"start":{"line":5,"column":13},"end":{"line":5,"column":31}}},"fnMap":{"0":{"name":"(anonymous_0)","decl":{"start":{"line":5,"column":31},"end":{"line":5,"column":null}},"loc":{"start":{"line":5,"column":31},"end":{"line":31,"column":1}}},"1":{"name":"(anonymous_1)","decl":{"start":{"line":10,"column":12},"end":{"line":10,"column":null}},"loc":{"start":{"line":10,"column":12},"end":{"line":28,"column":3}}},"2":{"name":"(anonymous_2)","decl":{"start":{"line":11,"column":36},"end":{"line":11,"column":37}},"loc":{"start":{"line":11,"column":42},"end":{"line":11,"column":52}}},"3":{"name":"(anonymous_3)","decl":{"start":{"line":12,"column":23},"end":{"line":12,"column":24}},"loc":{"start":{"line":12,"column":71},"end":{"line":13,"column":16}}},"4":{"name":"(anonymous_4)","decl":{"start":{"line":14,"column":8},"end":{"line":14,"column":9}},"loc":{"start":{"line":14,"column":26},"end":{"line":15,"column":15}}},"5":{"name":"(anonymous_5)","decl":{"start":{"line":18,"column":57},"end":{"line":18,"column":58}},"loc":{"start":{"line":18,"column":62},"end":{"line":18,"column":68}}},"6":{"name":"(anonymous_6)","decl":{"start":{"line":19,"column":57},"end":{"line":19,"column":58}},"loc":{"start":{"line":19,"column":62},"end":{"line":19,"column":68}}}},"branchMap":{"0":{"loc":{"start":{"line":15,"column":10},"end":{"line":15,"column":60}},"type":"binary-expr","locations":[{"start":{"line":15,"column":10},"end":{"line":15,"column":21}},{"start":{"line":15,"column":25},"end":{"line":15,"column":60}}]},"1":{"loc":{"start":{"line":18,"column":25},"end":{"line":18,"column":74}},"type":"binary-expr","locations":[{"start":{"line":18,"column":25},"end":{"line":18,"column":42}},{"start":{"line":18,"column":46},"end":{"line":18,"column":74}}]},"2":{"loc":{"start":{"line":19,"column":25},"end":{"line":19,"column":74}},"type":"binary-expr","locations":[{"start":{"line":19,"column":25},"end":{"line":19,"column":42}},{"start":{"line":19,"column":46},"end":{"line":19,"column":74}}]},"3":{"loc":{"start":{"line":21,"column":4},"end":{"line":27,"column":5}},"type":"if","locations":[{"start":{"line":21,"column":4},"end":{"line":27,"column":5}},{"start":{"line":23,"column":11},"end":{"line":27,"column":5}}]},"4":{"loc":{"start":{"line":23,"column":11},"end":{"line":27,"column":5}},"type":"if","locations":[{"start":{"line":23,"column":11},"end":{"line":27,"column":5}},{"start":{"line":25,"column":11},"end":{"line":27,"column":5}}]}},"s":{"0":2,"1":2,"2":2,"3":2,"4":8,"5":8,"6":8,"7":8,"8":8,"9":4,"10":9,"11":4,"12":6,"13":15,"14":4,"15":5,"16":4,"17":4,"18":4,"19":1,"20":3,"21":1,"22":2,"23":8,"24":2},"f":{"0":8,"1":4,"2":9,"3":6,"4":15,"5":5,"6":4},"b":{"0":[15,9],"1":[4,3],"2":[4,3],"3":[1,3],"4":[1,2]}}
,"D:\\insightly-app\\src\\utils\\hooks\\useMoodChart\\useMoodChart.ts": {"path":"D:\\insightly-app\\src\\utils\\hooks\\useMoodChart\\useMoodChart.ts","statementMap":{"0":{"start":{"line":2,"column":0},"end":{"line":2,"column":33}},"1":{"start":{"line":3,"column":0},"end":{"line":3,"column":74}},"2":{"start":{"line":4,"column":0},"end":{"line":4,"column":71}},"3":{"start":{"line":5,"column":0},"end":{"line":5,"column":69}},"4":{"start":{"line":6,"column":0},"end":{"line":6,"column":45}},"5":{"start":{"line":10,"column":28},"end":{"line":77,"column":1}},"6":{"start":{"line":11,"column":50},"end":{"line":12,"column":null}},"7":{"start":{"line":11,"column":25},"end":{"line":11,"column":27}},"8":{"start":{"line":11,"column":46},"end":{"line":11,"column":50}},"9":{"start":{"line":14,"column":23},"end":{"line":14,"column":33}},"10":{"start":{"line":16,"column":40},"end":{"line":20,"column":4}},"11":{"start":{"line":22,"column":45},"end":{"line":35,"column":4}},"12":{"start":{"line":37,"column":20},"end":{"line":50,"column":4}},"13":{"start":{"line":39,"column":38},"end":{"line":39,"column":49}},"14":{"start":{"line":40,"column":36},"end":{"line":40,"column":47}},"15":{"start":{"line":43,"column":46},"end":{"line":43,"column":57}},"16":{"start":{"line":44,"column":44},"end":{"line":44,"column":55}},"17":{"start":{"line":47,"column":47},"end":{"line":47,"column":59}},"18":{"start":{"line":48,"column":45},"end":{"line":48,"column":56}},"19":{"start":{"line":52,"column":23},"end":{"line":68,"column":3}},"20":{"start":{"line":53,"column":29},"end":{"line":53,"column":59}},"21":{"start":{"line":53,"column":18},"end":{"line":53,"column":20}},"22":{"start":{"line":53,"column":24},"end":{"line":53,"column":29}},"23":{"start":{"line":55,"column":4},"end":{"line":67,"column":6}},"24":{"start":{"line":70,"column":2},"end":{"line":76,"column":4}},"25":{"start":{"line":10,"column":13},"end":{"line":10,"column":28}}},"fnMap":{"0":{"name":"(anonymous_0)","decl":{"start":{"line":10,"column":28},"end":{"line":10,"column":null}},"loc":{"start":{"line":10,"column":28},"end":{"line":77,"column":1}}},"1":{"name":"(anonymous_1)","decl":{"start":{"line":39,"column":27},"end":{"line":39,"column":28}},"loc":{"start":{"line":39,"column":33},"end":{"line":39,"column":43}}},"2":{"name":"(anonymous_2)","decl":{"start":{"line":40,"column":25},"end":{"line":40,"column":26}},"loc":{"start":{"line":40,"column":31},"end":{"line":40,"column":41}}},"3":{"name":"(anonymous_3)","decl":{"start":{"line":43,"column":35},"end":{"line":43,"column":36}},"loc":{"start":{"line":43,"column":41},"end":{"line":43,"column":51}}},"4":{"name":"(anonymous_4)","decl":{"start":{"line":44,"column":33},"end":{"line":44,"column":34}},"loc":{"start":{"line":44,"column":39},"end":{"line":44,"column":49}}},"5":{"name":"(anonymous_5)","decl":{"start":{"line":47,"column":36},"end":{"line":47,"column":37}},"loc":{"start":{"line":47,"column":42},"end":{"line":47,"column":52}}},"6":{"name":"(anonymous_6)","decl":{"start":{"line":48,"column":34},"end":{"line":48,"column":35}},"loc":{"start":{"line":48,"column":40},"end":{"line":48,"column":50}}},"7":{"name":"(anonymous_7)","decl":{"start":{"line":52,"column":23},"end":{"line":52,"column":null}},"loc":{"start":{"line":52,"column":23},"end":{"line":68,"column":3}}}},"branchMap":{},"s":{"0":2,"1":2,"2":2,"3":2,"4":2,"5":2,"6":8,"7":8,"8":8,"9":8,"10":8,"11":8,"12":8,"13":24,"14":24,"15":32,"16":32,"17":32,"18":32,"19":8,"20":3,"21":3,"22":3,"23":3,"24":8,"25":2},"f":{"0":8,"1":24,"2":24,"3":32,"4":32,"5":32,"6":32,"7":3},"b":{}}
,"D:\\insightly-app\\src\\utils\\hooks\\useMoodForm\\useMoodForm.ts": {"path":"D:\\insightly-app\\src\\utils\\hooks\\useMoodForm\\useMoodForm.ts","statementMap":{"0":{"start":{"line":1,"column":0},"end":{"line":1,"column":33}},"1":{"start":{"line":2,"column":0},"end":{"line":2,"column":77}},"2":{"start":{"line":3,"column":0},"end":{"line":3,"column":45}},"3":{"start":{"line":5,"column":27},"end":{"line":26,"column":1}},"4":{"start":{"line":6,"column":22},"end":{"line":6,"column":32}},"5":{"start":{"line":7,"column":40},"end":{"line":7,"column":59}},"6":{"start":{"line":7,"column":20},"end":{"line":7,"column":22}},"7":{"start":{"line":7,"column":36},"end":{"line":7,"column":40}},"8":{"start":{"line":9,"column":24},"end":{"line":12,"column":3}},"9":{"start":{"line":10,"column":4},"end":{"line":10,"column":59}},"10":{"start":{"line":11,"column":4},"end":{"line":11,"column":22}},"11":{"start":{"line":13,"column":23},"end":{"line":15,"column":3}},"12":{"start":{"line":14,"column":4},"end":{"line":14,"column":36}},"13":{"start":{"line":16,"column":23},"end":{"line":19,"column":3}},"14":{"start":{"line":17,"column":4},"end":{"line":17,"column":23}},"15":{"start":{"line":18,"column":4},"end":{"line":18,"column":20}},"16":{"start":{"line":21,"column":2},"end":{"line":25,"column":4}},"17":{"start":{"line":5,"column":13},"end":{"line":5,"column":27}}},"fnMap":{"0":{"name":"(anonymous_0)","decl":{"start":{"line":5,"column":27},"end":{"line":5,"column":null}},"loc":{"start":{"line":5,"column":27},"end":{"line":26,"column":1}}},"1":{"name":"(anonymous_1)","decl":{"start":{"line":9,"column":24},"end":{"line":9,"column":null}},"loc":{"start":{"line":9,"column":24},"end":{"line":12,"column":3}}},"2":{"name":"(anonymous_2)","decl":{"start":{"line":13,"column":23},"end":{"line":13,"column":24}},"loc":{"start":{"line":13,"column":62},"end":{"line":15,"column":3}}},"3":{"name":"(anonymous_3)","decl":{"start":{"line":16,"column":23},"end":{"line":16,"column":24}},"loc":{"start":{"line":16,"column":42},"end":{"line":19,"column":3}}}},"branchMap":{},"s":{"0":2,"1":2,"2":2,"3":2,"4":3,"5":3,"6":3,"7":3,"8":3,"9":0,"10":0,"11":3,"12":1,"13":3,"14":0,"15":0,"16":3,"17":2},"f":{"0":3,"1":0,"2":1,"3":0},"b":{}}
}
