TN:
SF:src\components\DailyInsight\DailyInsight.tsx
FN:5,(anonymous_1)
FNF:1
FNH:1
FNDA:2,(anonymous_1)
DA:2,1
DA:3,1
DA:5,1
DA:6,2
DA:7,2
DA:28,1
LF:6
LH:6
BRF:0
BRH:0
end_of_record
TN:
SF:src\components\DailyInsight\DailyInsights.module.css
FNF:0
FNH:0
DA:1,1
LF:1
LH:1
BRF:0
BRH:0
end_of_record
TN:
SF:src\components\MoodAnalysis\MoodAnalysis.module.css
FNF:0
FNH:0
DA:1,1
LF:1
LH:1
BRF:0
BRH:0
end_of_record
TN:
SF:src\components\MoodAnalysis\MoodAnalysis.tsx
FN:5,(anonymous_1)
FNF:1
FNH:1
FNDA:2,(anonymous_1)
DA:2,1
DA:3,1
DA:5,1
DA:6,2
DA:8,2
DA:16,1
LF:6
LH:6
BRF:0
BRH:0
end_of_record
TN:
SF:src\components\MoodForm\MoodForm.module.css
FNF:0
FNH:0
DA:1,1
LF:1
LH:1
BRF:0
BRH:0
end_of_record
TN:
SF:src\components\MoodForm\MoodForm.tsx
FN:5,(anonymous_1)
FN:11,(anonymous_2)
FNF:2
FNH:2
FNDA:4,(anonymous_1)
FNDA:12,(anonymous_2)
DA:1,1
DA:2,1
DA:3,1
DA:5,1
DA:6,4
DA:7,4
DA:11,12
DA:31,1
LF:8
LH:8
BRF:0
BRH:0
end_of_record
TN:
SF:src\components\MoodTrends\ChartView.enum.ts
FN:1,(anonymous_0)
FNF:1
FNH:1
FNDA:3,(anonymous_0)
DA:1,3
DA:2,3
DA:3,3
DA:4,3
LF:4
LH:4
BRDA:1,0,0,3
BRDA:1,0,1,3
BRF:2
BRH:2
end_of_record
TN:
SF:src\components\MoodTrends\MoodTrends.module.css
FNF:0
FNH:0
DA:1,1
LF:1
LH:1
BRF:0
BRH:0
end_of_record
TN:
SF:src\components\MoodTrends\MoodTrends.tsx
FN:26,(anonymous_1)
FN:38,(anonymous_2)
FN:42,(anonymous_3)
FNF:3
FNH:3
FNDA:3,(anonymous_1)
FNDA:9,(anonymous_2)
FNDA:1,(anonymous_3)
DA:1,1
DA:12,1
DA:13,1
DA:14,1
DA:16,1
DA:26,1
DA:28,3
DA:29,3
DA:30,3
DA:31,3
DA:32,3
DA:33,3
DA:34,3
DA:38,9
DA:42,1
DA:54,1
LF:16
LH:16
BRF:0
BRH:0
end_of_record
TN:
SF:src\constants\eventNames.ts
FNF:0
FNH:0
DA:1,1
LF:1
LH:1
BRF:0
BRH:0
end_of_record
TN:
SF:src\constants\keyboardKeys.ts
FNF:0
FNH:0
DA:1,1
LF:1
LH:1
BRF:0
BRH:0
end_of_record
TN:
SF:src\constants\mockMonthlyData.ts
FNF:0
FNH:0
DA:1,3
LF:1
LH:1
BRF:0
BRH:0
end_of_record
TN:
SF:src\constants\mockWeeklyData.ts
FNF:0
FNH:0
DA:1,3
LF:1
LH:1
BRF:0
BRH:0
end_of_record
TN:
SF:src\constants\mood.ts
FNF:0
FNH:0
DA:1,1
LF:1
LH:1
BRF:0
BRH:0
end_of_record
TN:
SF:src\constants\portalIds.ts
FNF:0
FNH:0
DA:1,1
LF:1
LH:1
BRF:0
BRH:0
end_of_record
TN:
SF:src\contexts\ModalContext\ModalContext.tsx
FNF:0
FNH:0
DA:1,1
DA:4,1
LF:2
LH:2
BRF:0
BRH:0
end_of_record
TN:
SF:src\contexts\MoodContext\MoodContext.tsx
FNF:0
FNH:0
DA:1,10
DA:4,10
LF:2
LH:2
BRF:0
BRH:0
end_of_record
TN:
SF:src\shared\ErrorBoundary\ErrorBoundary.tsx
FN:11,(anonymous_6)
FN:12,ErrorBoundary
FN:17,(anonymous_8)
FN:21,(anonymous_9)
FN:25,(anonymous_10)
FNF:5
FNH:5
FNDA:1,(anonymous_6)
FNDA:6,ErrorBoundary
FNDA:4,(anonymous_8)
FNDA:2,(anonymous_9)
FNDA:9,(anonymous_10)
DA:1,1
DA:11,1
DA:13,6
DA:14,5
DA:17,1
DA:18,4
DA:21,1
DA:22,2
DA:25,1
DA:26,9
DA:27,4
DA:30,5
DA:32,1
DA:34,1
LF:14
LH:14
BRDA:13,0,0,6
BRDA:13,0,1,5
BRDA:26,1,0,4
BRF:3
BRH:3
end_of_record
TN:
SF:src\shared\LoaderSpinner\LoaderSpinner.enum.ts
FN:1,(anonymous_0)
FNF:1
FNH:1
FNDA:1,(anonymous_0)
DA:1,1
DA:2,1
DA:3,1
LF:3
LH:3
BRDA:1,0,0,1
BRDA:1,0,1,1
BRF:2
BRH:2
end_of_record
TN:
SF:src\shared\LoaderSpinner\LoaderSpinner.module.css
FNF:0
FNH:0
DA:1,1
LF:1
LH:1
BRF:0
BRH:0
end_of_record
TN:
SF:src\shared\LoaderSpinner\LoaderSpinner.tsx
FN:5,(anonymous_1)
FNF:1
FNH:1
FNDA:1,(anonymous_1)
DA:2,1
DA:3,1
DA:5,1
DA:6,1
DA:19,1
LF:5
LH:5
BRF:0
BRH:0
end_of_record
TN:
SF:src\shared\Modal\Modal.module.css
FNF:0
FNH:0
DA:1,1
LF:1
LH:1
BRF:0
BRH:0
end_of_record
TN:
SF:src\shared\Modal\Modal.tsx
FN:9,(anonymous_1)
FN:13,(anonymous_2)
FN:21,(anonymous_3)
FN:24,(anonymous_4)
FN:38,(anonymous_5)
FNF:5
FNH:5
FNDA:5,(anonymous_1)
FNDA:1,(anonymous_2)
FNDA:5,(anonymous_3)
FNDA:4,(anonymous_4)
FNDA:1,(anonymous_5)
DA:1,1
DA:2,1
DA:3,1
DA:4,1
DA:5,1
DA:7,1
DA:9,5
DA:10,5
DA:12,5
DA:14,1
DA:15,1
DA:21,5
DA:22,5
DA:23,4
DA:24,4
DA:25,4
DA:29,5
DA:31,4
DA:38,1
DA:46,1
LF:20
LH:20
BRDA:14,0,0,1
BRDA:22,1,0,4
BRDA:29,2,0,1
BRDA:29,3,0,5
BRDA:29,3,1,4
BRF:5
BRH:5
end_of_record
TN:
SF:src\utils\helpers\getAverageMood\getAverageMood.ts
FN:3,(anonymous_0)
FNF:1
FNH:1
FNDA:3,(anonymous_0)
DA:3,3
DA:4,3
LF:2
LH:2
BRF:0
BRH:0
end_of_record
TN:
SF:src\utils\helpers\getCurrentDate\getCurrentDate.ts
FN:1,(anonymous_0)
FNF:1
FNH:1
FNDA:3,(anonymous_0)
DA:1,3
DA:2,3
DA:4,3
DA:5,3
DA:6,3
DA:8,3
LF:6
LH:6
BRF:0
BRH:0
end_of_record
TN:
SF:src\utils\helpers\getRandomInteger\getRandomInteger.ts
FN:1,(anonymous_0)
FNF:1
FNH:1
FNDA:4,(anonymous_0)
DA:1,5
DA:2,4
LF:2
LH:2
BRDA:1,0,0,1
BRDA:1,1,0,1
BRF:2
BRH:2
end_of_record
TN:
SF:src\utils\helpers\getTotalMood\getTotalMood.ts
FN:3,(anonymous_0)
FN:4,(anonymous_1)
FNF:2
FNH:2
FNDA:4,(anonymous_0)
FNDA:7,(anonymous_1)
DA:3,3
DA:4,7
LF:2
LH:2
BRF:0
BRH:0
end_of_record
TN:
SF:src\utils\hooks\useChartData\useMoodChart.ts
FN:7,(anonymous_0)
FN:32,(anonymous_1)
FN:38,(anonymous_2)
FN:39,(anonymous_3)
FN:42,(anonymous_4)
FN:43,(anonymous_5)
FN:46,(anonymous_6)
FN:47,(anonymous_7)
FNF:8
FNH:8
FNDA:7,(anonymous_0)
FNDA:3,(anonymous_1)
FNDA:3,(anonymous_2)
FNDA:3,(anonymous_3)
FNDA:4,(anonymous_4)
FNDA:4,(anonymous_5)
FNDA:4,(anonymous_6)
FNDA:4,(anonymous_7)
DA:1,1
DA:2,1
DA:3,1
DA:4,1
DA:5,1
DA:7,1
DA:8,7
DA:11,7
DA:12,7
DA:17,7
DA:32,7
DA:33,3
DA:34,3
DA:36,3
DA:38,3
DA:39,3
DA:40,1
DA:42,4
DA:43,4
DA:44,1
DA:46,4
DA:47,4
DA:48,1
DA:50,0
DA:51,0
DA:54,3
DA:69,7
LF:27
LH:25
BRDA:36,0,0,1
BRDA:36,0,1,1
BRDA:36,0,2,1
BRDA:36,0,3,0
BRF:4
BRH:3
end_of_record
TN:
SF:src\utils\hooks\useDailyInsight\useDailyInsight.ts
FN:7,(anonymous_0)
FN:12,(anonymous_1)
FN:18,(anonymous_2)
FN:23,(anonymous_3)
FNF:4
FNH:4
FNDA:8,(anonymous_0)
FNDA:3,(anonymous_1)
FNDA:4,(anonymous_2)
FNDA:4,(anonymous_3)
DA:1,2
DA:2,2
DA:3,2
DA:4,2
DA:5,2
DA:7,2
DA:8,8
DA:9,8
DA:10,8
DA:12,8
DA:13,3
DA:14,2
DA:15,1
DA:18,8
DA:19,4
DA:20,4
DA:23,8
DA:24,4
DA:25,4
DA:26,4
DA:29,8
LF:21
LH:21
BRDA:13,0,0,1
BRDA:14,1,0,1
BRF:2
BRH:2
end_of_record
TN:
SF:src\utils\hooks\useModal\useModal.ts
FN:5,(anonymous_0)
FNF:1
FNH:1
FNDA:3,(anonymous_0)
DA:1,1
DA:2,1
DA:5,1
DA:6,3
DA:7,3
DA:8,2
DA:10,1
LF:7
LH:7
BRDA:7,0,0,2
BRF:1
BRH:1
end_of_record
TN:
SF:src\utils\hooks\useMood\useMood.ts
FN:5,(anonymous_0)
FNF:1
FNH:1
FNDA:3,(anonymous_0)
DA:1,10
DA:2,10
DA:5,10
DA:6,3
DA:7,3
DA:8,2
DA:10,1
LF:7
LH:7
BRDA:7,0,0,2
BRF:1
BRH:1
end_of_record
TN:
SF:src\utils\hooks\useMoodAnalysis\insightMessages.enum.ts
FN:1,(anonymous_0)
FNF:1
FNH:1
FNDA:2,(anonymous_0)
DA:1,2
DA:2,2
DA:3,2
DA:4,2
LF:4
LH:4
BRDA:1,0,0,2
BRDA:1,0,1,2
BRF:2
BRH:2
end_of_record
TN:
SF:src\utils\hooks\useMoodAnalysis\useMoodAnalysis.ts
FN:5,(anonymous_0)
FN:10,(anonymous_1)
FN:11,(anonymous_2)
FN:12,(anonymous_3)
FN:14,(anonymous_4)
FN:18,(anonymous_5)
FN:19,(anonymous_6)
FNF:7
FNH:7
FNDA:8,(anonymous_0)
FNDA:4,(anonymous_1)
FNDA:9,(anonymous_2)
FNDA:6,(anonymous_3)
FNDA:15,(anonymous_4)
FNDA:5,(anonymous_5)
FNDA:4,(anonymous_6)
DA:1,2
DA:2,2
DA:3,2
DA:5,2
DA:6,8
DA:9,8
DA:10,8
DA:11,9
DA:12,4
DA:13,6
DA:15,15
DA:18,5
DA:19,4
DA:21,4
DA:22,1
DA:23,3
DA:24,1
DA:26,2
DA:30,8
LF:19
LH:19
BRDA:15,0,0,15
BRDA:15,0,1,9
BRDA:18,1,0,4
BRDA:18,1,1,3
BRDA:19,2,0,4
BRDA:19,2,1,3
BRDA:21,3,0,1
BRDA:21,3,1,3
BRDA:23,4,0,1
BRDA:23,4,1,2
BRF:10
BRH:10
end_of_record
TN:
SF:src\utils\hooks\useMoodChart\useMoodChart.ts
FN:10,(anonymous_0)
FN:39,(anonymous_1)
FN:40,(anonymous_2)
FN:43,(anonymous_3)
FN:44,(anonymous_4)
FN:47,(anonymous_5)
FN:48,(anonymous_6)
FN:52,(anonymous_7)
FNF:8
FNH:8
FNDA:8,(anonymous_0)
FNDA:24,(anonymous_1)
FNDA:24,(anonymous_2)
FNDA:32,(anonymous_3)
FNDA:32,(anonymous_4)
FNDA:32,(anonymous_5)
FNDA:32,(anonymous_6)
FNDA:3,(anonymous_7)
DA:2,2
DA:3,2
DA:4,2
DA:5,2
DA:6,2
DA:10,2
DA:11,8
DA:14,8
DA:16,8
DA:22,8
DA:37,8
DA:39,24
DA:40,24
DA:43,32
DA:44,32
DA:47,32
DA:48,32
DA:52,8
DA:53,3
DA:55,3
DA:70,8
LF:21
LH:21
BRF:0
BRH:0
end_of_record
TN:
SF:src\utils\hooks\useMoodForm\useMoodForm.ts
FN:5,(anonymous_0)
FN:9,(anonymous_1)
FN:13,(anonymous_2)
FN:16,(anonymous_3)
FNF:4
FNH:2
FNDA:3,(anonymous_0)
FNDA:0,(anonymous_1)
FNDA:1,(anonymous_2)
FNDA:0,(anonymous_3)
DA:1,2
DA:2,2
DA:3,2
DA:5,2
DA:6,3
DA:7,3
DA:9,3
DA:10,0
DA:11,0
DA:13,3
DA:14,1
DA:16,3
DA:17,0
DA:18,0
DA:21,3
LF:15
LH:11
BRF:0
BRH:0
end_of_record
